C:\Project\gallary\backup\gallary version 1\Gallary2\Gallary\wwwroot\clientapp\out-tsc\app\services\modal.service.js
C:\Project\gallary\backup\gallary version 1\Gallary2\Gallary\wwwroot\clientapp\out-tsc\app\services\modal.service.js.map
C:\Project\gallary\backup\gallary version 1\Gallary2\Gallary\wwwroot\clientapp\out-tsc\app\services\mock-data.js
C:\Project\gallary\backup\gallary version 1\Gallary2\Gallary\wwwroot\clientapp\out-tsc\app\services\mock-data.js.map
C:\Project\gallary\backup\gallary version 1\Gallary2\Gallary\wwwroot\clientapp\out-tsc\app\services\adventure-time.service.js
C:\Project\gallary\backup\gallary version 1\Gallary2\Gallary\wwwroot\clientapp\out-tsc\app\services\adventure-time.service.js.map
C:\Project\gallary\backup\gallary version 1\Gallary2\Gallary\wwwroot\clientapp\out-tsc\app\share\share.component.js
C:\Project\gallary\backup\gallary version 1\Gallary2\Gallary\wwwroot\clientapp\out-tsc\app\share\share.component.js.map
C:\Project\gallary\backup\gallary version 1\Gallary2\Gallary\wwwroot\clientapp\out-tsc\app\app.component.js
C:\Project\gallary\backup\gallary version 1\Gallary2\Gallary\wwwroot\clientapp\out-tsc\app\app.component.js.map
C:\Project\gallary\backup\gallary version 1\Gallary2\Gallary\wwwroot\clientapp\out-tsc\app\table\table.component.js
C:\Project\gallary\backup\gallary version 1\Gallary2\Gallary\wwwroot\clientapp\out-tsc\app\table\table.component.js.map
C:\Project\gallary\backup\gallary version 1\Gallary2\Gallary\wwwroot\clientapp\out-tsc\app\table-row\table-row.component.js
C:\Project\gallary\backup\gallary version 1\Gallary2\Gallary\wwwroot\clientapp\out-tsc\app\table-row\table-row.component.js.map
C:\Project\gallary\backup\gallary version 1\Gallary2\Gallary\wwwroot\clientapp\out-tsc\app\table-row-incorrect\table-row-incorrect.component.js
C:\Project\gallary\backup\gallary version 1\Gallary2\Gallary\wwwroot\clientapp\out-tsc\app\table-row-incorrect\table-row-incorrect.component.js.map
C:\Project\gallary\backup\gallary version 1\Gallary2\Gallary\wwwroot\clientapp\out-tsc\app\file-upload\file-upload.component.js
C:\Project\gallary\backup\gallary version 1\Gallary2\Gallary\wwwroot\clientapp\out-tsc\app\file-upload\file-upload.component.js.map
C:\Project\gallary\backup\gallary version 1\Gallary2\Gallary\wwwroot\clientapp\out-tsc\app\search-word\search-word.component.js
C:\Project\gallary\backup\gallary version 1\Gallary2\Gallary\wwwroot\clientapp\out-tsc\app\search-word\search-word.component.js.map
C:\Project\gallary\backup\gallary version 1\Gallary2\Gallary\wwwroot\clientapp\out-tsc\app\home\home.component.js
C:\Project\gallary\backup\gallary version 1\Gallary2\Gallary\wwwroot\clientapp\out-tsc\app\home\home.component.js.map
C:\Project\gallary\backup\gallary version 1\Gallary2\Gallary\wwwroot\clientapp\out-tsc\app\ngui-in-view\ngui-in-view.component.js
C:\Project\gallary\backup\gallary version 1\Gallary2\Gallary\wwwroot\clientapp\out-tsc\app\ngui-in-view\ngui-in-view.component.js.map
C:\Project\gallary\backup\gallary version 1\Gallary2\Gallary\wwwroot\clientapp\out-tsc\app\videoplayer\videoplayer.component.js
C:\Project\gallary\backup\gallary version 1\Gallary2\Gallary\wwwroot\clientapp\out-tsc\app\videoplayer\videoplayer.component.js.map
C:\Project\gallary\backup\gallary version 1\Gallary2\Gallary\wwwroot\clientapp\out-tsc\app\preview\preview.component.js
C:\Project\gallary\backup\gallary version 1\Gallary2\Gallary\wwwroot\clientapp\out-tsc\app\preview\preview.component.js.map
C:\Project\gallary\backup\gallary version 1\Gallary2\Gallary\wwwroot\clientapp\out-tsc\app\app.module.js
C:\Project\gallary\backup\gallary version 1\Gallary2\Gallary\wwwroot\clientapp\out-tsc\app\app.module.js.map
C:\Project\gallary\backup\gallary version 1\Gallary2\Gallary\wwwroot\clientapp\out-tsc\environments\environment.js
C:\Project\gallary\backup\gallary version 1\Gallary2\Gallary\wwwroot\clientapp\out-tsc\environments\environment.js.map
C:\Project\gallary\backup\gallary version 1\Gallary2\Gallary\wwwroot\clientapp\out-tsc\main.js
C:\Project\gallary\backup\gallary version 1\Gallary2\Gallary\wwwroot\clientapp\out-tsc\main.js.map
C:\Project\gallary\backup\gallary version 1\Gallary2\Gallary\wwwroot\clientapp\out-tsc\polyfills.js
C:\Project\gallary\backup\gallary version 1\Gallary2\Gallary\wwwroot\clientapp\out-tsc\polyfills.js.map
C:\Project\gallary\backup\gallary version 1\Gallary2\Gallary\wwwroot\clientapp\out-tsc\test.js
C:\Project\gallary\backup\gallary version 1\Gallary2\Gallary\wwwroot\clientapp\out-tsc\test.js.map
C:\Project\gallary\backup\gallary version 1\Gallary2\Gallary\wwwroot\clientapp\out-tsc\app\app.component.spec.js
C:\Project\gallary\backup\gallary version 1\Gallary2\Gallary\wwwroot\clientapp\out-tsc\app\app.component.spec.js.map
C:\Project\gallary\backup\gallary version 1\Gallary2\Gallary\wwwroot\clientapp\out-tsc\app\at.service.js
C:\Project\gallary\backup\gallary version 1\Gallary2\Gallary\wwwroot\clientapp\out-tsc\app\at.service.js.map
C:\Project\gallary\backup\gallary version 1\Gallary2\Gallary\wwwroot\clientapp\out-tsc\app\file-upload\file-upload.component.spec.js
C:\Project\gallary\backup\gallary version 1\Gallary2\Gallary\wwwroot\clientapp\out-tsc\app\file-upload\file-upload.component.spec.js.map
C:\Project\gallary\backup\gallary version 1\Gallary2\Gallary\wwwroot\clientapp\out-tsc\app\home\home.component.spec.js
C:\Project\gallary\backup\gallary version 1\Gallary2\Gallary\wwwroot\clientapp\out-tsc\app\home\home.component.spec.js.map
C:\Project\gallary\backup\gallary version 1\Gallary2\Gallary\wwwroot\clientapp\out-tsc\app\ngui-in-view\ngui-in-view.component.spec.js
C:\Project\gallary\backup\gallary version 1\Gallary2\Gallary\wwwroot\clientapp\out-tsc\app\ngui-in-view\ngui-in-view.component.spec.js.map
C:\Project\gallary\backup\gallary version 1\Gallary2\Gallary\wwwroot\clientapp\out-tsc\app\preview\preview.component.spec.js
C:\Project\gallary\backup\gallary version 1\Gallary2\Gallary\wwwroot\clientapp\out-tsc\app\preview\preview.component.spec.js.map
C:\Project\gallary\backup\gallary version 1\Gallary2\Gallary\wwwroot\clientapp\out-tsc\app\search-word\search-word.component.spec.js
C:\Project\gallary\backup\gallary version 1\Gallary2\Gallary\wwwroot\clientapp\out-tsc\app\search-word\search-word.component.spec.js.map
C:\Project\gallary\backup\gallary version 1\Gallary2\Gallary\wwwroot\clientapp\out-tsc\app\services\adventure-time.service.spec.js
C:\Project\gallary\backup\gallary version 1\Gallary2\Gallary\wwwroot\clientapp\out-tsc\app\services\adventure-time.service.spec.js.map
C:\Project\gallary\backup\gallary version 1\Gallary2\Gallary\wwwroot\clientapp\out-tsc\app\services\modal.service.spec.js
C:\Project\gallary\backup\gallary version 1\Gallary2\Gallary\wwwroot\clientapp\out-tsc\app\services\modal.service.spec.js.map
C:\Project\gallary\backup\gallary version 1\Gallary2\Gallary\wwwroot\clientapp\out-tsc\app\share\share.component.spec.js
C:\Project\gallary\backup\gallary version 1\Gallary2\Gallary\wwwroot\clientapp\out-tsc\app\share\share.component.spec.js.map
C:\Project\gallary\backup\gallary version 1\Gallary2\Gallary\wwwroot\clientapp\out-tsc\app\table\table.component.spec.js
C:\Project\gallary\backup\gallary version 1\Gallary2\Gallary\wwwroot\clientapp\out-tsc\app\table\table.component.spec.js.map
C:\Project\gallary\backup\gallary version 1\Gallary2\Gallary\wwwroot\clientapp\out-tsc\app\table-row\table-row.component.spec.js
C:\Project\gallary\backup\gallary version 1\Gallary2\Gallary\wwwroot\clientapp\out-tsc\app\table-row\table-row.component.spec.js.map
C:\Project\gallary\backup\gallary version 1\Gallary2\Gallary\wwwroot\clientapp\out-tsc\app\table-row-incorrect\table-row-incorrect.component.spec.js
C:\Project\gallary\backup\gallary version 1\Gallary2\Gallary\wwwroot\clientapp\out-tsc\app\table-row-incorrect\table-row-incorrect.component.spec.js.map
C:\Project\gallary\backup\gallary version 1\Gallary2\Gallary\wwwroot\clientapp\out-tsc\app\videoplayer\videoplayer.component.spec.js
C:\Project\gallary\backup\gallary version 1\Gallary2\Gallary\wwwroot\clientapp\out-tsc\app\videoplayer\videoplayer.component.spec.js.map
C:\Project\gallary\backup\gallary version 1\Gallary2\Gallary\wwwroot\clientapp\out-tsc\environments\environment.prod.js
C:\Project\gallary\backup\gallary version 1\Gallary2\Gallary\wwwroot\clientapp\out-tsc\environments\environment.prod.js.map
